18.03.2024 00:56:54 [main] INFO  main.Start.Main  - All correct
18.03.2024 00:56:54 [main] INFO  main.Start.Main  - Correct creat file (User.json)
18.03.2024 00:56:54 [main] INFO  main.Start.Main  - Start
18.03.2024 01:45:21 [main] INFO  Start.Main  - All correct
18.03.2024 01:45:21 [main] INFO  Start.Main  - Correct creat file (User.json)
18.03.2024 01:45:21 [main] INFO  Start.Main  - Start
18.03.2024 01:52:37 [main] INFO  Start.Main  - All correct
18.03.2024 01:52:38 [main] INFO  Start.Main  - Correct creat file (User.json)
18.03.2024 01:52:38 [main] INFO  Start.Main  - Start
18.03.2024 13:56:06 [main] INFO  Start.Main  - All correct
18.03.2024 13:56:06 [main] INFO  Start.Main  - Correct creat file (User.json)
18.03.2024 13:56:06 [main] INFO  Start.Main  - Start
18.03.2024 14:14:39 [main] INFO  Start.Main  - All correct
18.03.2024 14:14:40 [main] INFO  Start.Main  - Correct creat file (User.json)
18.03.2024 14:14:40 [main] INFO  Start.Main  - Start
18.03.2024 15:00:30 [main] INFO  Start.Main  - All correct
18.03.2024 15:00:30 [main] INFO  Start.Main  - Correct creat file (User.json)
18.03.2024 15:00:30 [main] INFO  Start.Main  - Start
18.03.2024 15:22:57 [main] INFO  Start.Main  - All correct
18.03.2024 15:22:57 [main] INFO  Start.Main  - Correct creat file (User.json)
18.03.2024 15:22:57 [main] INFO  Start.Main  - Start
18.03.2024 15:23:34 [main] INFO  Start.Main  - All correct
18.03.2024 15:23:35 [main] INFO  Start.Main  - Correct creat file (User.json)
18.03.2024 15:23:35 [main] INFO  Start.Main  - Start
18.03.2024 15:24:44 [main] INFO  Start.Main  - All correct
18.03.2024 15:24:45 [main] INFO  Start.Main  - Correct creat file (User.json)
18.03.2024 15:24:45 [main] INFO  Start.Main  - Start
